2025-09-29 16:18:09,274 - __main__ - INFO - Initialized RebalancerExecutor for wallet: 0x742D35Cc...
2025-09-29 16:18:09,274 - __main__ - INFO - Starting portfolio rebalancer execution
2025-09-29 16:18:09,274 - __main__ - INFO - Analyzing current portfolio...
2025-09-29 16:18:09,274 - portfolio_analyzer - INFO - Starting portfolio analysis for wallet: 0x742D35Cc...
2025-09-29 16:18:09,274 - portfolio_analyzer - INFO - Fetched 5 assets from portfolio
2025-09-29 16:18:10,397 - portfolio_analyzer - INFO - Portfolio analysis completed: 5 assets, $12564.67 total value
2025-09-29 16:18:10,398 - __main__ - INFO - Portfolio analyzed: 5 assets found
2025-09-29 16:18:10,398 - __main__ - INFO - Checking if rebalancing is needed...
2025-09-29 16:18:10,398 - rebalance_engine - INFO - Evaluating rebalance need...
2025-09-29 16:18:10,399 - rebalance_engine - INFO - Rebalance evaluation: needed=True, recommendations=5
2025-09-29 16:18:10,399 - __main__ - INFO - Executing rebalancing strategy...
2025-09-29 16:18:10,399 - rebalance_engine - INFO - Starting rebalance execution with 5 recommendations
2025-09-29 16:18:25,670 - rebalance_engine - INFO - Rebalance execution completed: 5/5 successful trades
2025-09-29 16:18:25,671 - __main__ - INFO - Rebalancing completed successfully
2025-09-29 16:18:25,744 - mongo_client - INFO - Connected to MongoDB: lokiai
2025-09-29 16:18:25,829 - mongo_client - INFO - MongoDB connection closed
2025-09-29 16:18:25,830 - portfolio_analyzer - INFO - Portfolio analyzer session closed
2025-09-29 16:18:25,830 - rebalance_engine - INFO - Rebalance engine cleanup completed
2025-09-29 16:18:25,830 - __main__ - INFO - Cleanup completed
2025-09-29 16:21:56,747 - __main__ - INFO - Initialized RebalancerExecutor for wallet: 0x8bbfa86f...
2025-09-29 16:21:56,748 - __main__ - INFO - Starting portfolio rebalancer execution
2025-09-29 16:21:56,748 - __main__ - INFO - Analyzing current portfolio...
2025-09-29 16:21:56,748 - portfolio_analyzer - INFO - Starting portfolio analysis for wallet: 0x8bbfa86f...
2025-09-29 16:21:56,748 - portfolio_analyzer - INFO - Fetched 5 assets from portfolio
2025-09-29 16:21:57,548 - portfolio_analyzer - INFO - Portfolio analysis completed: 5 assets, $13085.41 total value
2025-09-29 16:21:57,550 - __main__ - INFO - Portfolio analyzed: 5 assets found
2025-09-29 16:21:57,550 - __main__ - INFO - Checking if rebalancing is needed...
2025-09-29 16:21:57,550 - rebalance_engine - INFO - Evaluating rebalance need...
2025-09-29 16:21:57,551 - rebalance_engine - INFO - Rebalance evaluation: needed=True, recommendations=5
2025-09-29 16:21:57,551 - __main__ - INFO - Executing rebalancing strategy...
2025-09-29 16:21:57,551 - rebalance_engine - INFO - Starting rebalance execution with 5 recommendations
2025-09-29 16:22:12,696 - rebalance_engine - INFO - Rebalance execution completed: 4/5 successful trades
2025-09-29 16:22:12,698 - __main__ - INFO - Rebalancing completed successfully
2025-09-29 16:22:12,748 - mongo_client - INFO - Connected to MongoDB: lokiai
2025-09-29 16:22:12,754 - mongo_client - INFO - MongoDB connection closed
2025-09-29 16:22:12,756 - portfolio_analyzer - INFO - Portfolio analyzer session closed
2025-09-29 16:22:12,756 - rebalance_engine - INFO - Rebalance engine cleanup completed
2025-09-29 16:22:12,756 - __main__ - INFO - Cleanup completed
2025-09-29 16:22:22,014 - __main__ - INFO - Initialized RebalancerExecutor for wallet: 0x8bbfa86f...
2025-09-29 16:22:22,014 - __main__ - INFO - Starting portfolio rebalancer execution
2025-09-29 16:22:22,015 - __main__ - INFO - Analyzing current portfolio...
2025-09-29 16:22:22,015 - portfolio_analyzer - INFO - Starting portfolio analysis for wallet: 0x8bbfa86f...
2025-09-29 16:22:22,015 - portfolio_analyzer - INFO - Fetched 5 assets from portfolio
2025-09-29 16:22:22,664 - portfolio_analyzer - INFO - Portfolio analysis completed: 5 assets, $14764.85 total value
2025-09-29 16:22:22,664 - __main__ - INFO - Portfolio analyzed: 5 assets found
2025-09-29 16:22:22,664 - __main__ - INFO - Checking if rebalancing is needed...
2025-09-29 16:22:22,664 - rebalance_engine - INFO - Evaluating rebalance need...
2025-09-29 16:22:22,665 - rebalance_engine - INFO - Rebalance evaluation: needed=True, recommendations=5
2025-09-29 16:22:22,665 - __main__ - INFO - Executing rebalancing strategy...
2025-09-29 16:22:22,665 - rebalance_engine - INFO - Starting rebalance execution with 5 recommendations
2025-09-29 16:22:37,794 - rebalance_engine - INFO - Rebalance execution completed: 4/5 successful trades
2025-09-29 16:22:37,795 - __main__ - INFO - Rebalancing completed successfully
2025-09-29 16:22:37,830 - mongo_client - INFO - Connected to MongoDB: lokiai
2025-09-29 16:22:37,831 - mongo_client - INFO - MongoDB connection closed
2025-09-29 16:22:37,832 - portfolio_analyzer - INFO - Portfolio analyzer session closed
2025-09-29 16:22:37,833 - rebalance_engine - INFO - Rebalance engine cleanup completed
2025-09-29 16:22:37,833 - __main__ - INFO - Cleanup completed
2025-09-29 16:22:39,080 - __main__ - INFO - Initialized RebalancerExecutor for wallet: 0x8bbfa86f...
2025-09-29 16:22:39,080 - __main__ - INFO - Starting portfolio rebalancer execution
2025-09-29 16:22:39,080 - __main__ - INFO - Analyzing current portfolio...
2025-09-29 16:22:39,080 - portfolio_analyzer - INFO - Starting portfolio analysis for wallet: 0x8bbfa86f...
2025-09-29 16:22:39,080 - portfolio_analyzer - INFO - Fetched 5 assets from portfolio
2025-09-29 16:22:39,715 - portfolio_analyzer - INFO - Portfolio analysis completed: 5 assets, $13579.06 total value
2025-09-29 16:22:39,715 - __main__ - INFO - Portfolio analyzed: 5 assets found
2025-09-29 16:22:39,715 - __main__ - INFO - Checking if rebalancing is needed...
2025-09-29 16:22:39,715 - rebalance_engine - INFO - Evaluating rebalance need...
2025-09-29 16:22:39,716 - rebalance_engine - INFO - Rebalance evaluation: needed=True, recommendations=5
2025-09-29 16:22:39,716 - __main__ - INFO - Executing rebalancing strategy...
2025-09-29 16:22:39,718 - rebalance_engine - INFO - Starting rebalance execution with 5 recommendations
2025-09-29 16:22:54,855 - rebalance_engine - INFO - Rebalance execution completed: 4/5 successful trades
2025-09-29 16:22:54,855 - __main__ - INFO - Rebalancing completed successfully
2025-09-29 16:22:54,888 - mongo_client - INFO - Connected to MongoDB: lokiai
2025-09-29 16:22:54,890 - mongo_client - INFO - MongoDB connection closed
2025-09-29 16:22:54,890 - portfolio_analyzer - INFO - Portfolio analyzer session closed
2025-09-29 16:22:54,890 - rebalance_engine - INFO - Rebalance engine cleanup completed
2025-09-29 16:22:54,890 - __main__ - INFO - Cleanup completed
2025-09-29 16:22:58,660 - __main__ - INFO - Initialized RebalancerExecutor for wallet: 0x8bbfa86f...
2025-09-29 16:22:58,660 - __main__ - INFO - Starting portfolio rebalancer execution
2025-09-29 16:22:58,660 - __main__ - INFO - Analyzing current portfolio...
2025-09-29 16:22:58,660 - portfolio_analyzer - INFO - Starting portfolio analysis for wallet: 0x8bbfa86f...
2025-09-29 16:22:58,660 - portfolio_analyzer - INFO - Fetched 5 assets from portfolio
2025-09-29 16:22:59,330 - portfolio_analyzer - INFO - Portfolio analysis completed: 5 assets, $12009.80 total value
2025-09-29 16:22:59,331 - __main__ - INFO - Portfolio analyzed: 5 assets found
2025-09-29 16:22:59,331 - __main__ - INFO - Checking if rebalancing is needed...
2025-09-29 16:22:59,331 - rebalance_engine - INFO - Evaluating rebalance need...
2025-09-29 16:22:59,333 - rebalance_engine - INFO - Rebalance evaluation: needed=True, recommendations=5
2025-09-29 16:22:59,333 - __main__ - INFO - Executing rebalancing strategy...
2025-09-29 16:22:59,333 - rebalance_engine - INFO - Starting rebalance execution with 5 recommendations
2025-09-29 16:23:14,458 - rebalance_engine - INFO - Rebalance execution completed: 4/5 successful trades
2025-09-29 16:23:14,458 - __main__ - INFO - Rebalancing completed successfully
2025-09-29 16:23:14,470 - mongo_client - INFO - Connected to MongoDB: lokiai
2025-09-29 16:23:14,472 - mongo_client - INFO - MongoDB connection closed
2025-09-29 16:23:14,472 - portfolio_analyzer - INFO - Portfolio analyzer session closed
2025-09-29 16:23:14,472 - rebalance_engine - INFO - Rebalance engine cleanup completed
2025-09-29 16:23:14,472 - __main__ - INFO - Cleanup completed
2025-09-29 16:25:34,589 - __main__ - INFO - Initialized RebalancerExecutor for wallet: 0x8bbfa86f...
2025-09-29 16:25:34,589 - __main__ - INFO - Starting portfolio rebalancer execution
2025-09-29 16:25:34,589 - __main__ - INFO - Analyzing current portfolio...
2025-09-29 16:25:34,589 - portfolio_analyzer - INFO - Starting portfolio analysis for wallet: 0x8bbfa86f...
2025-09-29 16:25:34,589 - portfolio_analyzer - INFO - Fetched 5 assets from portfolio
2025-09-29 16:25:35,285 - portfolio_analyzer - INFO - Portfolio analysis completed: 5 assets, $11606.13 total value
2025-09-29 16:25:35,285 - __main__ - INFO - Portfolio analyzed: 5 assets found
2025-09-29 16:25:35,285 - __main__ - INFO - Checking if rebalancing is needed...
2025-09-29 16:25:35,285 - rebalance_engine - INFO - Evaluating rebalance need...
2025-09-29 16:25:35,285 - rebalance_engine - INFO - Rebalance evaluation: needed=True, recommendations=5
2025-09-29 16:25:35,285 - __main__ - INFO - Executing rebalancing strategy...
2025-09-29 16:25:35,285 - rebalance_engine - INFO - Starting rebalance execution with 5 recommendations
2025-09-29 16:25:50,390 - rebalance_engine - INFO - Rebalance execution completed: 5/5 successful trades
2025-09-29 16:25:50,390 - __main__ - INFO - Rebalancing completed successfully
2025-09-29 16:25:50,399 - mongo_client - INFO - Connected to MongoDB: lokiai
2025-09-29 16:25:50,400 - mongo_client - INFO - MongoDB connection closed
2025-09-29 16:25:50,401 - portfolio_analyzer - INFO - Portfolio analyzer session closed
2025-09-29 16:25:50,401 - rebalance_engine - INFO - Rebalance engine cleanup completed
2025-09-29 16:25:50,401 - __main__ - INFO - Cleanup completed
2025-09-30 12:07:28,260 - __main__ - INFO - Initialized RebalancerExecutor for wallet: 0x8bbfa86f...
2025-09-30 12:07:28,261 - __main__ - INFO - Starting portfolio rebalancer execution
2025-09-30 12:07:28,261 - __main__ - INFO - Analyzing current portfolio...
2025-09-30 12:07:28,261 - portfolio_analyzer - INFO - Starting portfolio analysis for wallet: 0x8bbfa86f...
2025-09-30 12:07:28,261 - portfolio_analyzer - INFO - Fetched 5 assets from portfolio
2025-09-30 12:07:29,095 - portfolio_analyzer - INFO - Portfolio analysis completed: 5 assets, $11564.28 total value
2025-09-30 12:07:29,095 - __main__ - INFO - Portfolio analyzed: 5 assets found
2025-09-30 12:07:29,096 - __main__ - INFO - Checking if rebalancing is needed...
2025-09-30 12:07:29,096 - rebalance_engine - INFO - Evaluating rebalance need...
2025-09-30 12:07:29,096 - rebalance_engine - INFO - Rebalance evaluation: needed=True, recommendations=5
2025-09-30 12:07:29,096 - __main__ - INFO - Executing rebalancing strategy...
2025-09-30 12:07:29,096 - rebalance_engine - INFO - Starting rebalance execution with 5 recommendations
2025-09-30 12:07:44,270 - rebalance_engine - INFO - Rebalance execution completed: 5/5 successful trades
2025-09-30 12:07:44,270 - __main__ - INFO - Rebalancing completed successfully
2025-09-30 12:07:44,372 - mongo_client - INFO - Connected to MongoDB: lokiai
2025-09-30 12:07:44,403 - mongo_client - INFO - MongoDB connection closed
2025-09-30 12:07:44,403 - portfolio_analyzer - INFO - Portfolio analyzer session closed
2025-09-30 12:07:44,403 - rebalance_engine - INFO - Rebalance engine cleanup completed
2025-09-30 12:07:44,403 - __main__ - INFO - Cleanup completed
2025-09-30 12:41:52,523 - __main__ - INFO - Initialized RebalancerExecutor for wallet: 0x8bbfa86f...
2025-09-30 12:41:52,523 - __main__ - INFO - Starting portfolio rebalancer execution
2025-09-30 12:41:52,523 - __main__ - INFO - Analyzing current portfolio...
2025-09-30 12:41:52,523 - portfolio_analyzer - INFO - Starting portfolio analysis for wallet: 0x8bbfa86f...
2025-09-30 12:41:52,524 - portfolio_analyzer - INFO - Fetched 5 assets from portfolio
2025-09-30 12:41:53,099 - portfolio_analyzer - INFO - Portfolio analysis completed: 5 assets, $12920.43 total value
2025-09-30 12:41:53,099 - __main__ - INFO - Portfolio analyzed: 5 assets found
2025-09-30 12:41:53,100 - __main__ - INFO - Checking if rebalancing is needed...
2025-09-30 12:41:53,100 - rebalance_engine - INFO - Evaluating rebalance need...
2025-09-30 12:41:53,100 - rebalance_engine - INFO - Rebalance evaluation: needed=True, recommendations=5
2025-09-30 12:41:53,101 - __main__ - INFO - Executing rebalancing strategy...
2025-09-30 12:41:53,101 - rebalance_engine - INFO - Starting rebalance execution with 5 recommendations
2025-09-30 12:41:57,703 - __main__ - INFO - Initialized RebalancerExecutor for wallet: 0x8bbfa86f...
2025-09-30 12:41:57,703 - __main__ - INFO - Starting portfolio rebalancer execution
2025-09-30 12:41:57,703 - __main__ - INFO - Analyzing current portfolio...
2025-09-30 12:41:57,703 - portfolio_analyzer - INFO - Starting portfolio analysis for wallet: 0x8bbfa86f...
2025-09-30 12:41:57,703 - portfolio_analyzer - INFO - Fetched 5 assets from portfolio
2025-09-30 12:41:58,580 - __main__ - INFO - Initialized RebalancerExecutor for wallet: 0x8bbfa86f...
2025-09-30 12:41:58,580 - __main__ - INFO - Starting portfolio rebalancer execution
2025-09-30 12:41:58,580 - __main__ - INFO - Analyzing current portfolio...
2025-09-30 12:41:58,580 - portfolio_analyzer - INFO - Starting portfolio analysis for wallet: 0x8bbfa86f...
2025-09-30 12:41:58,580 - portfolio_analyzer - INFO - Fetched 5 assets from portfolio
2025-09-30 12:41:59,149 - portfolio_analyzer - INFO - Portfolio analysis completed: 5 assets, $15301.53 total value
2025-09-30 12:41:59,150 - __main__ - INFO - Portfolio analyzed: 5 assets found
2025-09-30 12:41:59,150 - __main__ - INFO - Checking if rebalancing is needed...
2025-09-30 12:41:59,150 - rebalance_engine - INFO - Evaluating rebalance need...
2025-09-30 12:41:59,150 - rebalance_engine - INFO - Rebalance evaluation: needed=True, recommendations=5
2025-09-30 12:41:59,150 - __main__ - INFO - Executing rebalancing strategy...
2025-09-30 12:41:59,150 - rebalance_engine - INFO - Starting rebalance execution with 5 recommendations
2025-09-30 12:42:14,304 - rebalance_engine - INFO - Rebalance execution completed: 4/5 successful trades
2025-09-30 12:42:14,304 - __main__ - INFO - Rebalancing completed successfully
2025-09-30 12:42:14,414 - mongo_client - INFO - Connected to MongoDB: lokiai
2025-09-30 12:42:14,465 - mongo_client - INFO - MongoDB connection closed
2025-09-30 12:42:14,468 - portfolio_analyzer - INFO - Portfolio analyzer session closed
2025-09-30 12:42:14,468 - rebalance_engine - INFO - Rebalance engine cleanup completed
2025-09-30 12:42:14,468 - __main__ - INFO - Cleanup completed
2025-09-30 12:43:09,228 - __main__ - INFO - Initialized RebalancerExecutor for wallet: 0x8bbfa86f...
2025-09-30 12:43:09,228 - __main__ - INFO - Starting portfolio rebalancer execution
2025-09-30 12:43:09,229 - __main__ - INFO - Analyzing current portfolio...
2025-09-30 12:43:09,229 - portfolio_analyzer - INFO - Starting portfolio analysis for wallet: 0x8bbfa86f...
2025-09-30 12:43:09,229 - portfolio_analyzer - INFO - Fetched 5 assets from portfolio
2025-09-30 12:43:09,707 - portfolio_analyzer - INFO - Portfolio analysis completed: 5 assets, $11681.11 total value
2025-09-30 12:43:09,708 - __main__ - INFO - Portfolio analyzed: 5 assets found
2025-09-30 12:43:09,708 - __main__ - INFO - Checking if rebalancing is needed...
2025-09-30 12:43:09,708 - rebalance_engine - INFO - Evaluating rebalance need...
2025-09-30 12:43:09,708 - rebalance_engine - INFO - Rebalance evaluation: needed=True, recommendations=5
2025-09-30 12:43:09,708 - __main__ - INFO - Executing rebalancing strategy...
2025-09-30 12:43:09,708 - rebalance_engine - INFO - Starting rebalance execution with 5 recommendations
2025-09-30 12:43:24,815 - rebalance_engine - INFO - Rebalance execution completed: 4/5 successful trades
2025-09-30 12:43:24,815 - __main__ - INFO - Rebalancing completed successfully
2025-09-30 12:43:24,855 - mongo_client - INFO - Connected to MongoDB: lokiai
2025-09-30 12:43:24,863 - mongo_client - INFO - MongoDB connection closed
2025-09-30 12:43:24,864 - portfolio_analyzer - INFO - Portfolio analyzer session closed
2025-09-30 12:43:24,864 - rebalance_engine - INFO - Rebalance engine cleanup completed
2025-09-30 12:43:24,864 - __main__ - INFO - Cleanup completed
2025-09-30 13:45:05,722 - __main__ - INFO - Initialized RebalancerExecutor for wallet: 0x8bbfa86f...
2025-09-30 13:45:05,724 - __main__ - INFO - Starting portfolio rebalancer execution
2025-09-30 13:45:05,724 - __main__ - INFO - Analyzing current portfolio...
2025-09-30 13:45:05,724 - portfolio_analyzer - INFO - Starting portfolio analysis for wallet: 0x8bbfa86f...
2025-09-30 13:45:05,724 - portfolio_analyzer - INFO - Fetched 5 assets from portfolio
2025-09-30 13:45:06,219 - portfolio_analyzer - INFO - Portfolio analysis completed: 5 assets, $13649.59 total value
2025-09-30 13:45:06,219 - __main__ - INFO - Portfolio analyzed: 5 assets found
2025-09-30 13:45:06,219 - __main__ - INFO - Checking if rebalancing is needed...
2025-09-30 13:45:06,219 - rebalance_engine - INFO - Evaluating rebalance need...
2025-09-30 13:45:06,219 - rebalance_engine - INFO - Rebalance evaluation: needed=True, recommendations=5
2025-09-30 13:45:06,219 - __main__ - INFO - Executing rebalancing strategy...
2025-09-30 13:45:06,219 - rebalance_engine - INFO - Starting rebalance execution with 5 recommendations
2025-09-30 13:45:21,317 - rebalance_engine - INFO - Rebalance execution completed: 4/5 successful trades
2025-09-30 13:45:21,317 - __main__ - INFO - Rebalancing completed successfully
2025-09-30 13:45:21,379 - mongo_client - INFO - Connected to MongoDB: lokiai
2025-09-30 13:45:21,403 - mongo_client - INFO - MongoDB connection closed
2025-09-30 13:45:21,404 - portfolio_analyzer - INFO - Portfolio analyzer session closed
2025-09-30 13:45:21,405 - rebalance_engine - INFO - Rebalance engine cleanup completed
2025-09-30 13:45:21,405 - __main__ - INFO - Cleanup completed
2025-09-30 13:45:39,431 - __main__ - INFO - Initialized RebalancerExecutor for wallet: 0x8bbfa86f...
2025-09-30 13:45:39,432 - __main__ - INFO - Starting portfolio rebalancer execution
2025-09-30 13:45:39,432 - __main__ - INFO - Analyzing current portfolio...
2025-09-30 13:45:39,432 - portfolio_analyzer - INFO - Starting portfolio analysis for wallet: 0x8bbfa86f...
2025-09-30 13:45:39,432 - portfolio_analyzer - INFO - Fetched 5 assets from portfolio
2025-09-30 13:45:39,868 - portfolio_analyzer - INFO - Portfolio analysis completed: 5 assets, $12850.32 total value
2025-09-30 13:45:39,868 - __main__ - INFO - Portfolio analyzed: 5 assets found
2025-09-30 13:45:39,868 - __main__ - INFO - Checking if rebalancing is needed...
2025-09-30 13:45:39,868 - rebalance_engine - INFO - Evaluating rebalance need...
2025-09-30 13:45:39,868 - rebalance_engine - INFO - Rebalance evaluation: needed=True, recommendations=5
2025-09-30 13:45:39,868 - __main__ - INFO - Executing rebalancing strategy...
2025-09-30 13:45:39,868 - rebalance_engine - INFO - Starting rebalance execution with 5 recommendations
2025-09-30 13:45:54,979 - rebalance_engine - INFO - Rebalance execution completed: 4/5 successful trades
2025-09-30 13:45:54,981 - __main__ - INFO - Rebalancing completed successfully
2025-09-30 13:45:54,996 - mongo_client - INFO - Connected to MongoDB: lokiai
2025-09-30 13:45:54,998 - mongo_client - INFO - MongoDB connection closed
2025-09-30 13:45:55,000 - portfolio_analyzer - INFO - Portfolio analyzer session closed
2025-09-30 13:45:55,000 - rebalance_engine - INFO - Rebalance engine cleanup completed
2025-09-30 13:45:55,000 - __main__ - INFO - Cleanup completed
2025-09-30 13:46:10,125 - __main__ - INFO - Initialized RebalancerExecutor for wallet: 0x8bbfa86f...
2025-09-30 13:46:10,125 - __main__ - INFO - Starting portfolio rebalancer execution
2025-09-30 13:46:10,125 - __main__ - INFO - Analyzing current portfolio...
2025-09-30 13:46:10,125 - portfolio_analyzer - INFO - Starting portfolio analysis for wallet: 0x8bbfa86f...
2025-09-30 13:46:10,125 - portfolio_analyzer - INFO - Fetched 5 assets from portfolio
2025-09-30 13:46:10,749 - portfolio_analyzer - INFO - Portfolio analysis completed: 5 assets, $12020.40 total value
2025-09-30 13:46:10,749 - __main__ - INFO - Portfolio analyzed: 5 assets found
2025-09-30 13:46:10,749 - __main__ - INFO - Checking if rebalancing is needed...
2025-09-30 13:46:10,749 - rebalance_engine - INFO - Evaluating rebalance need...
2025-09-30 13:46:10,749 - rebalance_engine - INFO - Rebalance evaluation: needed=True, recommendations=5
2025-09-30 13:46:10,749 - __main__ - INFO - Executing rebalancing strategy...
2025-09-30 13:46:10,749 - rebalance_engine - INFO - Starting rebalance execution with 5 recommendations
2025-09-30 13:46:25,857 - rebalance_engine - INFO - Rebalance execution completed: 5/5 successful trades
2025-09-30 13:46:25,858 - __main__ - INFO - Rebalancing completed successfully
2025-09-30 13:46:25,922 - mongo_client - INFO - Connected to MongoDB: lokiai
2025-09-30 13:46:25,929 - mongo_client - INFO - MongoDB connection closed
2025-09-30 13:46:25,932 - portfolio_analyzer - INFO - Portfolio analyzer session closed
2025-09-30 13:46:25,933 - rebalance_engine - INFO - Rebalance engine cleanup completed
2025-09-30 13:46:25,934 - __main__ - INFO - Cleanup completed
2025-09-30 14:54:59,384 - __main__ - INFO - Initialized RebalancerExecutor for wallet: 0x8bbfa86f...
2025-09-30 14:54:59,385 - __main__ - INFO - Starting portfolio rebalancer execution
2025-09-30 14:54:59,385 - __main__ - INFO - Analyzing current portfolio...
2025-09-30 14:54:59,385 - portfolio_analyzer - INFO - Starting portfolio analysis for wallet: 0x8bbfa86f...
2025-09-30 14:54:59,385 - portfolio_analyzer - INFO - Fetched 5 assets from portfolio
2025-09-30 14:55:00,508 - portfolio_analyzer - INFO - Portfolio analysis completed: 5 assets, $14701.49 total value
2025-09-30 14:55:00,509 - __main__ - INFO - Portfolio analyzed: 5 assets found
2025-09-30 14:55:00,509 - __main__ - INFO - Checking if rebalancing is needed...
2025-09-30 14:55:00,509 - rebalance_engine - INFO - Evaluating rebalance need...
2025-09-30 14:55:00,509 - rebalance_engine - INFO - Rebalance evaluation: needed=True, recommendations=5
2025-09-30 14:55:00,509 - __main__ - INFO - Executing rebalancing strategy...
2025-09-30 14:55:00,509 - rebalance_engine - INFO - Starting rebalance execution with 5 recommendations
2025-09-30 14:55:15,722 - rebalance_engine - INFO - Rebalance execution completed: 3/5 successful trades
2025-09-30 14:55:15,722 - __main__ - INFO - Rebalancing completed successfully
2025-09-30 14:55:15,988 - mongo_client - INFO - Connected to MongoDB: lokiai
2025-09-30 14:55:16,014 - mongo_client - INFO - MongoDB connection closed
2025-09-30 14:55:16,017 - portfolio_analyzer - INFO - Portfolio analyzer session closed
2025-09-30 14:55:16,017 - rebalance_engine - INFO - Rebalance engine cleanup completed
2025-09-30 14:55:16,017 - __main__ - INFO - Cleanup completed
2025-09-30 15:55:33,725 - __main__ - INFO - Initialized RebalancerExecutor for wallet: 0x8bbfa86f...
2025-09-30 15:55:33,725 - __main__ - INFO - Starting portfolio rebalancer execution
2025-09-30 15:55:33,725 - __main__ - INFO - Analyzing current portfolio...
2025-09-30 15:55:33,725 - portfolio_analyzer - INFO - Starting portfolio analysis for wallet: 0x8bbfa86f...
2025-09-30 15:55:33,725 - portfolio_analyzer - INFO - Fetched 5 assets from portfolio
2025-09-30 15:55:34,358 - portfolio_analyzer - INFO - Portfolio analysis completed: 5 assets, $12455.38 total value
2025-09-30 15:55:34,358 - __main__ - INFO - Portfolio analyzed: 5 assets found
2025-09-30 15:55:34,358 - __main__ - INFO - Checking if rebalancing is needed...
2025-09-30 15:55:34,358 - rebalance_engine - INFO - Evaluating rebalance need...
2025-09-30 15:55:34,358 - rebalance_engine - INFO - Rebalance evaluation: needed=True, recommendations=5
2025-09-30 15:55:34,358 - __main__ - INFO - Executing rebalancing strategy...
2025-09-30 15:55:34,358 - rebalance_engine - INFO - Starting rebalance execution with 5 recommendations
2025-09-30 15:55:49,479 - rebalance_engine - INFO - Rebalance execution completed: 5/5 successful trades
2025-09-30 15:55:49,480 - __main__ - INFO - Rebalancing completed successfully
2025-09-30 15:55:49,532 - mongo_client - INFO - Connected to MongoDB: lokiai
2025-09-30 15:55:49,567 - mongo_client - INFO - MongoDB connection closed
2025-09-30 15:55:49,572 - portfolio_analyzer - INFO - Portfolio analyzer session closed
2025-09-30 15:55:49,572 - rebalance_engine - INFO - Rebalance engine cleanup completed
2025-09-30 15:55:49,572 - __main__ - INFO - Cleanup completed
2025-09-30 16:09:00,998 - __main__ - INFO - Initialized RebalancerExecutor for wallet: 0x8bbfa86f...
2025-09-30 16:09:00,998 - __main__ - INFO - Starting portfolio rebalancer execution
2025-09-30 16:09:00,998 - __main__ - INFO - Analyzing current portfolio...
2025-09-30 16:09:00,998 - portfolio_analyzer - INFO - Starting portfolio analysis for wallet: 0x8bbfa86f...
2025-09-30 16:09:00,998 - portfolio_analyzer - INFO - Fetched 5 assets from portfolio
2025-09-30 16:09:01,985 - portfolio_analyzer - INFO - Portfolio analysis completed: 5 assets, $13192.41 total value
2025-09-30 16:09:01,985 - __main__ - INFO - Portfolio analyzed: 5 assets found
2025-09-30 16:09:01,985 - __main__ - INFO - Checking if rebalancing is needed...
2025-09-30 16:09:01,985 - rebalance_engine - INFO - Evaluating rebalance need...
2025-09-30 16:09:01,985 - rebalance_engine - INFO - Rebalance evaluation: needed=True, recommendations=5
2025-09-30 16:09:01,985 - __main__ - INFO - Executing rebalancing strategy...
2025-09-30 16:09:01,985 - rebalance_engine - INFO - Starting rebalance execution with 5 recommendations
2025-09-30 16:09:17,100 - rebalance_engine - INFO - Rebalance execution completed: 4/5 successful trades
2025-09-30 16:09:17,100 - __main__ - INFO - Rebalancing completed successfully
2025-09-30 16:09:17,140 - mongo_client - INFO - Connected to MongoDB: lokiai
2025-09-30 16:09:17,145 - mongo_client - INFO - MongoDB connection closed
2025-09-30 16:09:17,146 - portfolio_analyzer - INFO - Portfolio analyzer session closed
2025-09-30 16:09:17,147 - rebalance_engine - INFO - Rebalance engine cleanup completed
2025-09-30 16:09:17,147 - __main__ - INFO - Cleanup completed
2025-09-30 16:31:07,397 - __main__ - INFO - Initialized RebalancerExecutor for wallet: 0x8bbfa86f...
2025-09-30 16:31:07,398 - __main__ - INFO - Starting portfolio rebalancer execution
2025-09-30 16:31:07,398 - __main__ - INFO - Analyzing current portfolio...
2025-09-30 16:31:07,398 - portfolio_analyzer - INFO - Starting portfolio analysis for wallet: 0x8bbfa86f...
2025-09-30 16:31:07,398 - portfolio_analyzer - INFO - Fetched 5 assets from portfolio
2025-09-30 16:31:07,929 - portfolio_analyzer - INFO - Portfolio analysis completed: 5 assets, $11430.64 total value
2025-09-30 16:31:07,930 - __main__ - INFO - Portfolio analyzed: 5 assets found
2025-09-30 16:31:07,930 - __main__ - INFO - Checking if rebalancing is needed...
2025-09-30 16:31:07,931 - rebalance_engine - INFO - Evaluating rebalance need...
2025-09-30 16:31:07,931 - rebalance_engine - INFO - Rebalance evaluation: needed=True, recommendations=5
2025-09-30 16:31:07,932 - __main__ - INFO - Executing rebalancing strategy...
2025-09-30 16:31:07,932 - rebalance_engine - INFO - Starting rebalance execution with 5 recommendations
2025-09-30 16:31:23,062 - rebalance_engine - INFO - Rebalance execution completed: 5/5 successful trades
2025-09-30 16:31:23,062 - __main__ - INFO - Rebalancing completed successfully
2025-09-30 16:31:23,126 - mongo_client - INFO - Connected to MongoDB: lokiai
2025-09-30 16:31:23,140 - mongo_client - INFO - MongoDB connection closed
2025-09-30 16:31:23,141 - portfolio_analyzer - INFO - Portfolio analyzer session closed
2025-09-30 16:31:23,141 - rebalance_engine - INFO - Rebalance engine cleanup completed
2025-09-30 16:31:23,141 - __main__ - INFO - Cleanup completed
2025-09-30 16:36:52,074 - __main__ - INFO - Initialized RebalancerExecutor for wallet: 0x8bbfa86f...
2025-09-30 16:36:52,074 - __main__ - INFO - Starting portfolio rebalancer execution
2025-09-30 16:36:52,074 - __main__ - INFO - Analyzing current portfolio...
2025-09-30 16:36:52,075 - portfolio_analyzer - INFO - Starting portfolio analysis for wallet: 0x8bbfa86f...
2025-09-30 16:36:52,075 - portfolio_analyzer - INFO - Fetched 5 assets from portfolio
2025-09-30 16:36:52,943 - portfolio_analyzer - INFO - Portfolio analysis completed: 5 assets, $12377.99 total value
2025-09-30 16:36:52,943 - __main__ - INFO - Portfolio analyzed: 5 assets found
2025-09-30 16:36:52,943 - __main__ - INFO - Checking if rebalancing is needed...
2025-09-30 16:36:52,943 - rebalance_engine - INFO - Evaluating rebalance need...
2025-09-30 16:36:52,944 - rebalance_engine - INFO - Rebalance evaluation: needed=True, recommendations=5
2025-09-30 16:36:52,944 - __main__ - INFO - Executing rebalancing strategy...
2025-09-30 16:36:52,944 - rebalance_engine - INFO - Starting rebalance execution with 5 recommendations
2025-09-30 16:37:08,058 - rebalance_engine - INFO - Rebalance execution completed: 4/5 successful trades
2025-09-30 16:37:08,058 - __main__ - INFO - Rebalancing completed successfully
2025-09-30 16:37:08,075 - mongo_client - INFO - Connected to MongoDB: lokiai
2025-09-30 16:37:08,077 - mongo_client - INFO - MongoDB connection closed
2025-09-30 16:37:08,078 - portfolio_analyzer - INFO - Portfolio analyzer session closed
2025-09-30 16:37:08,078 - rebalance_engine - INFO - Rebalance engine cleanup completed
2025-09-30 16:37:08,078 - __main__ - INFO - Cleanup completed
2025-09-30 16:55:27,750 - __main__ - INFO - Initialized RebalancerExecutor for wallet: 0x8bbfa86f...
2025-09-30 16:55:27,750 - __main__ - INFO - Starting portfolio rebalancer execution
2025-09-30 16:55:27,750 - __main__ - INFO - Analyzing current portfolio...
2025-09-30 16:55:27,750 - portfolio_analyzer - INFO - Starting portfolio analysis for wallet: 0x8bbfa86f...
2025-09-30 16:55:27,750 - portfolio_analyzer - INFO - Fetched 5 assets from portfolio
2025-09-30 16:55:28,345 - portfolio_analyzer - INFO - Portfolio analysis completed: 5 assets, $14745.24 total value
2025-09-30 16:55:28,345 - __main__ - INFO - Portfolio analyzed: 5 assets found
2025-09-30 16:55:28,345 - __main__ - INFO - Checking if rebalancing is needed...
2025-09-30 16:55:28,345 - rebalance_engine - INFO - Evaluating rebalance need...
2025-09-30 16:55:28,346 - rebalance_engine - INFO - Rebalance evaluation: needed=True, recommendations=5
2025-09-30 16:55:28,346 - __main__ - INFO - Executing rebalancing strategy...
2025-09-30 16:55:28,346 - rebalance_engine - INFO - Starting rebalance execution with 5 recommendations
2025-09-30 16:55:43,469 - rebalance_engine - INFO - Rebalance execution completed: 5/5 successful trades
2025-09-30 16:55:43,469 - __main__ - INFO - Rebalancing completed successfully
2025-09-30 16:55:43,522 - mongo_client - ERROR - Unexpected error connecting to MongoDB: Authentication failed., full error: {'ok': 0.0, 'errmsg': 'Authentication failed.', 'code': 18, 'codeName': 'AuthenticationFailed'}
2025-09-30 16:55:43,524 - mongo_client - ERROR - Failed to log rebalancer activity: Authentication failed., full error: {'ok': 0.0, 'errmsg': 'Authentication failed.', 'code': 18, 'codeName': 'AuthenticationFailed'}
2025-09-30 16:55:43,524 - mongo_client - INFO - MongoDB connection closed
2025-09-30 16:55:43,525 - portfolio_analyzer - INFO - Portfolio analyzer session closed
2025-09-30 16:55:43,526 - rebalance_engine - INFO - Rebalance engine cleanup completed
2025-09-30 16:55:43,526 - __main__ - INFO - Cleanup completed
2025-09-30 16:56:51,113 - __main__ - INFO - Initialized RebalancerExecutor for wallet: 0x8bbfa86f...
2025-09-30 16:56:51,113 - __main__ - INFO - Starting portfolio rebalancer execution
2025-09-30 16:56:51,113 - __main__ - INFO - Analyzing current portfolio...
2025-09-30 16:56:51,113 - portfolio_analyzer - INFO - Starting portfolio analysis for wallet: 0x8bbfa86f...
2025-09-30 16:56:51,113 - portfolio_analyzer - INFO - Fetched 5 assets from portfolio
2025-09-30 16:56:51,598 - portfolio_analyzer - INFO - Portfolio analysis completed: 5 assets, $12516.57 total value
2025-09-30 16:56:51,598 - __main__ - INFO - Portfolio analyzed: 5 assets found
2025-09-30 16:56:51,599 - __main__ - INFO - Checking if rebalancing is needed...
2025-09-30 16:56:51,600 - rebalance_engine - INFO - Evaluating rebalance need...
2025-09-30 16:56:51,600 - rebalance_engine - INFO - Rebalance evaluation: needed=True, recommendations=5
2025-09-30 16:56:51,601 - __main__ - INFO - Executing rebalancing strategy...
2025-09-30 16:56:51,601 - rebalance_engine - INFO - Starting rebalance execution with 5 recommendations
2025-09-30 16:57:06,720 - rebalance_engine - INFO - Rebalance execution completed: 4/5 successful trades
2025-09-30 16:57:06,720 - __main__ - INFO - Rebalancing completed successfully
2025-09-30 16:57:06,758 - mongo_client - ERROR - Unexpected error connecting to MongoDB: Authentication failed., full error: {'ok': 0.0, 'errmsg': 'Authentication failed.', 'code': 18, 'codeName': 'AuthenticationFailed'}
2025-09-30 16:57:06,759 - mongo_client - ERROR - Failed to log rebalancer activity: Authentication failed., full error: {'ok': 0.0, 'errmsg': 'Authentication failed.', 'code': 18, 'codeName': 'AuthenticationFailed'}
2025-09-30 16:57:06,759 - mongo_client - INFO - MongoDB connection closed
2025-09-30 16:57:06,759 - portfolio_analyzer - INFO - Portfolio analyzer session closed
2025-09-30 16:57:06,759 - rebalance_engine - INFO - Rebalance engine cleanup completed
2025-09-30 16:57:06,759 - __main__ - INFO - Cleanup completed
2025-09-30 16:58:27,871 - __main__ - INFO - Initialized RebalancerExecutor for wallet: 0x8bbfa86f...
2025-09-30 16:58:27,871 - __main__ - INFO - Starting portfolio rebalancer execution
2025-09-30 16:58:27,871 - __main__ - INFO - Analyzing current portfolio...
2025-09-30 16:58:27,872 - portfolio_analyzer - INFO - Starting portfolio analysis for wallet: 0x8bbfa86f...
2025-09-30 16:58:27,872 - portfolio_analyzer - INFO - Fetched 5 assets from portfolio
2025-09-30 16:58:28,386 - portfolio_analyzer - INFO - Portfolio analysis completed: 5 assets, $11664.21 total value
2025-09-30 16:58:28,386 - __main__ - INFO - Portfolio analyzed: 5 assets found
2025-09-30 16:58:28,386 - __main__ - INFO - Checking if rebalancing is needed...
2025-09-30 16:58:28,386 - rebalance_engine - INFO - Evaluating rebalance need...
2025-09-30 16:58:28,386 - rebalance_engine - INFO - Rebalance evaluation: needed=True, recommendations=5
2025-09-30 16:58:28,386 - __main__ - INFO - Executing rebalancing strategy...
2025-09-30 16:58:28,386 - rebalance_engine - INFO - Starting rebalance execution with 5 recommendations
2025-09-30 16:58:43,520 - rebalance_engine - INFO - Rebalance execution completed: 5/5 successful trades
2025-09-30 16:58:43,520 - __main__ - INFO - Rebalancing completed successfully
2025-09-30 16:58:43,579 - mongo_client - ERROR - Unexpected error connecting to MongoDB: Authentication failed., full error: {'ok': 0.0, 'errmsg': 'Authentication failed.', 'code': 18, 'codeName': 'AuthenticationFailed'}
2025-09-30 16:58:43,579 - mongo_client - ERROR - Failed to log rebalancer activity: Authentication failed., full error: {'ok': 0.0, 'errmsg': 'Authentication failed.', 'code': 18, 'codeName': 'AuthenticationFailed'}
2025-09-30 16:58:43,581 - mongo_client - INFO - MongoDB connection closed
2025-09-30 16:58:43,585 - portfolio_analyzer - INFO - Portfolio analyzer session closed
2025-09-30 16:58:43,586 - rebalance_engine - INFO - Rebalance engine cleanup completed
2025-09-30 16:58:43,586 - __main__ - INFO - Cleanup completed
2025-09-30 16:59:31,249 - __main__ - INFO - Initialized RebalancerExecutor for wallet: 0x8bbfa86f...
2025-09-30 16:59:31,249 - __main__ - INFO - Starting portfolio rebalancer execution
2025-09-30 16:59:31,249 - __main__ - INFO - Analyzing current portfolio...
2025-09-30 16:59:31,249 - portfolio_analyzer - INFO - Starting portfolio analysis for wallet: 0x8bbfa86f...
2025-09-30 16:59:31,249 - portfolio_analyzer - INFO - Fetched 5 assets from portfolio
2025-09-30 16:59:31,804 - portfolio_analyzer - INFO - Portfolio analysis completed: 5 assets, $13904.14 total value
2025-09-30 16:59:31,805 - __main__ - INFO - Portfolio analyzed: 5 assets found
2025-09-30 16:59:31,805 - __main__ - INFO - Checking if rebalancing is needed...
2025-09-30 16:59:31,805 - rebalance_engine - INFO - Evaluating rebalance need...
2025-09-30 16:59:31,805 - rebalance_engine - INFO - Rebalance evaluation: needed=True, recommendations=5
2025-09-30 16:59:31,805 - __main__ - INFO - Executing rebalancing strategy...
2025-09-30 16:59:31,805 - rebalance_engine - INFO - Starting rebalance execution with 5 recommendations
2025-09-30 16:59:46,928 - rebalance_engine - INFO - Rebalance execution completed: 4/5 successful trades
2025-09-30 16:59:46,929 - __main__ - INFO - Rebalancing completed successfully
2025-09-30 16:59:46,991 - mongo_client - ERROR - Unexpected error connecting to MongoDB: Authentication failed., full error: {'ok': 0.0, 'errmsg': 'Authentication failed.', 'code': 18, 'codeName': 'AuthenticationFailed'}
2025-09-30 16:59:46,992 - mongo_client - ERROR - Failed to log rebalancer activity: Authentication failed., full error: {'ok': 0.0, 'errmsg': 'Authentication failed.', 'code': 18, 'codeName': 'AuthenticationFailed'}
2025-09-30 16:59:46,994 - mongo_client - INFO - MongoDB connection closed
2025-09-30 16:59:46,996 - portfolio_analyzer - INFO - Portfolio analyzer session closed
2025-09-30 16:59:46,996 - rebalance_engine - INFO - Rebalance engine cleanup completed
2025-09-30 16:59:46,997 - __main__ - INFO - Cleanup completed
2025-09-30 17:09:14,680 - __main__ - INFO - Initialized RebalancerExecutor for wallet: 0x8bbfa86f...
2025-09-30 17:09:14,680 - __main__ - INFO - Starting portfolio rebalancer execution
2025-09-30 17:09:14,680 - __main__ - INFO - Analyzing current portfolio...
2025-09-30 17:09:14,680 - portfolio_analyzer - INFO - Starting portfolio analysis for wallet: 0x8bbfa86f...
2025-09-30 17:09:14,680 - portfolio_analyzer - INFO - Fetched 5 assets from portfolio
2025-09-30 17:09:15,423 - portfolio_analyzer - INFO - Portfolio analysis completed: 5 assets, $14413.82 total value
2025-09-30 17:09:15,423 - __main__ - INFO - Portfolio analyzed: 5 assets found
2025-09-30 17:09:15,423 - __main__ - INFO - Checking if rebalancing is needed...
2025-09-30 17:09:15,423 - rebalance_engine - INFO - Evaluating rebalance need...
2025-09-30 17:09:15,423 - rebalance_engine - INFO - Rebalance evaluation: needed=True, recommendations=5
2025-09-30 17:09:15,423 - __main__ - INFO - Executing rebalancing strategy...
2025-09-30 17:09:15,423 - rebalance_engine - INFO - Starting rebalance execution with 5 recommendations
2025-09-30 17:09:30,549 - rebalance_engine - INFO - Rebalance execution completed: 4/5 successful trades
2025-09-30 17:09:30,549 - __main__ - INFO - Rebalancing completed successfully
2025-09-30 17:09:30,600 - mongo_client - ERROR - Unexpected error connecting to MongoDB: Authentication failed., full error: {'ok': 0.0, 'errmsg': 'Authentication failed.', 'code': 18, 'codeName': 'AuthenticationFailed'}
2025-09-30 17:09:30,600 - mongo_client - ERROR - Failed to log rebalancer activity: Authentication failed., full error: {'ok': 0.0, 'errmsg': 'Authentication failed.', 'code': 18, 'codeName': 'AuthenticationFailed'}
2025-09-30 17:09:31,705 - __main__ - INFO - Telegram notification sent
2025-09-30 17:09:32,736 - __main__ - INFO - Discord notification sent
2025-09-30 17:09:36,498 - __main__ - INFO - Email notification sent
2025-09-30 17:09:36,498 - mongo_client - INFO - MongoDB connection closed
2025-09-30 17:09:36,498 - portfolio_analyzer - INFO - Portfolio analyzer session closed
2025-09-30 17:09:36,498 - rebalance_engine - INFO - Rebalance engine cleanup completed
2025-09-30 17:09:36,498 - __main__ - INFO - Cleanup completed
2025-10-01 01:11:18,887 - __main__ - INFO - Initialized RebalancerExecutor for wallet: 0x8bbfa86f...
2025-10-01 01:11:18,888 - __main__ - INFO - Starting portfolio rebalancer execution
2025-10-01 01:11:18,888 - __main__ - INFO - Analyzing current portfolio...
2025-10-01 01:11:18,888 - portfolio_analyzer - INFO - Starting portfolio analysis for wallet: 0x8bbfa86f...
2025-10-01 01:11:18,888 - portfolio_analyzer - INFO - Fetched 5 assets from portfolio
2025-10-01 01:11:19,561 - portfolio_analyzer - INFO - Portfolio analysis completed: 5 assets, $11984.94 total value
2025-10-01 01:11:19,561 - __main__ - INFO - Portfolio analyzed: 5 assets found
2025-10-01 01:11:19,561 - __main__ - INFO - Checking if rebalancing is needed...
2025-10-01 01:11:19,561 - rebalance_engine - INFO - Evaluating rebalance need...
2025-10-01 01:11:19,561 - rebalance_engine - INFO - Rebalance evaluation: needed=True, recommendations=5
2025-10-01 01:11:19,561 - __main__ - INFO - Executing rebalancing strategy...
2025-10-01 01:11:19,561 - rebalance_engine - INFO - Starting rebalance execution with 5 recommendations
2025-10-01 01:11:19,561 - rebalance_engine - INFO - Executing trade 1/5: ETH -> BTC
2025-10-01 01:11:21,562 - rebalance_engine - INFO - Trade successful: ETH -> BTC, gas: $15.30
2025-10-01 01:11:22,571 - rebalance_engine - INFO - Executing trade 2/5: ETH -> OTHER
2025-10-01 01:11:24,574 - rebalance_engine - INFO - Trade successful: ETH -> OTHER, gas: $16.26
2025-10-01 01:11:25,575 - rebalance_engine - INFO - Executing trade 3/5: ETH -> MATIC
2025-10-01 01:11:27,589 - rebalance_engine - INFO - Trade successful: ETH -> MATIC, gas: $34.53
2025-10-01 01:11:28,594 - rebalance_engine - INFO - Executing trade 4/5: ETH -> USDC
2025-10-01 01:11:30,610 - rebalance_engine - INFO - Trade successful: ETH -> USDC, gas: $17.32
2025-10-01 01:11:31,619 - rebalance_engine - INFO - Executing trade 5/5: ETH -> LINK
2025-10-01 01:11:33,628 - rebalance_engine - ERROR - Trade failed: ETH -> LINK, error: Transaction reverted
2025-10-01 01:11:34,641 - rebalance_engine - INFO - Rebalance execution completed: 4/5 successful trades
2025-10-01 01:11:34,643 - __main__ - INFO - Rebalancing completed successfully
2025-10-01 01:11:35,979 - mongo_client - INFO - Connected to MongoDB: ?retryWrites=true&w=majority&appName=loki-ai-cluster
2025-10-01 01:11:36,044 - mongo_client - ERROR - Failed to log rebalancer activity: Database name ?retryWrites=true&w=majority&appName=loki-ai-cluster is too long.  Max database name length is 38 bytes., full error: {'ok': 0, 'errmsg': 'Database name ?retryWrites=true&w=majority&appName=loki-ai-cluster is too long.  Max database name length is 38 bytes.', 'code': 8000, 'codeName': 'AtlasError'}
2025-10-01 01:11:37,543 - __main__ - INFO - Telegram notification sent
2025-10-01 01:11:39,164 - __main__ - INFO - Discord notification sent
2025-10-01 01:11:43,202 - __main__ - INFO - Email notification sent
2025-10-01 01:11:43,303 - mongo_client - INFO - MongoDB connection closed
2025-10-01 01:11:43,303 - portfolio_analyzer - INFO - Portfolio analyzer session closed
2025-10-01 01:11:43,304 - rebalance_engine - INFO - Rebalance engine cleanup completed
2025-10-01 01:11:43,304 - __main__ - INFO - Cleanup completed
2025-10-01 01:51:14,015 - __main__ - INFO - Initialized RebalancerExecutor for wallet: 0x8bbfa86f...
2025-10-01 01:51:14,015 - __main__ - INFO - Starting portfolio rebalancer execution
2025-10-01 01:51:14,015 - __main__ - INFO - Analyzing current portfolio...
2025-10-01 01:51:14,015 - portfolio_analyzer - INFO - Starting portfolio analysis for wallet: 0x8bbfa86f...
2025-10-01 01:51:14,015 - portfolio_analyzer - INFO - Fetched 5 assets from portfolio
2025-10-01 01:51:14,548 - portfolio_analyzer - INFO - Portfolio analysis completed: 5 assets, $15018.37 total value
2025-10-01 01:51:14,548 - __main__ - INFO - Portfolio analyzed: 5 assets found
2025-10-01 01:51:14,548 - __main__ - INFO - Checking if rebalancing is needed...
2025-10-01 01:51:14,548 - rebalance_engine - INFO - Evaluating rebalance need...
2025-10-01 01:51:14,548 - rebalance_engine - INFO - Rebalance evaluation: needed=True, recommendations=5
2025-10-01 01:51:14,548 - __main__ - INFO - Executing rebalancing strategy...
2025-10-01 01:51:14,548 - rebalance_engine - INFO - Starting rebalance execution with 5 recommendations
2025-10-01 01:51:14,548 - rebalance_engine - INFO - Executing trade 1/5: ETH -> BTC
2025-10-01 01:51:16,559 - rebalance_engine - INFO - Trade successful: ETH -> BTC, gas: $12.77
2025-10-01 01:51:17,566 - rebalance_engine - INFO - Executing trade 2/5: ETH -> OTHER
2025-10-01 01:51:19,570 - rebalance_engine - INFO - Trade successful: ETH -> OTHER, gas: $13.68
2025-10-01 01:51:20,579 - rebalance_engine - INFO - Executing trade 3/5: ETH -> MATIC
2025-10-01 01:51:22,582 - rebalance_engine - INFO - Trade successful: ETH -> MATIC, gas: $31.06
2025-10-01 01:51:23,596 - rebalance_engine - INFO - Executing trade 4/5: ETH -> USDC
2025-10-01 01:51:25,607 - rebalance_engine - INFO - Trade successful: ETH -> USDC, gas: $11.24
2025-10-01 01:51:26,615 - rebalance_engine - INFO - Executing trade 5/5: ETH -> LINK
2025-10-01 01:51:28,621 - rebalance_engine - INFO - Trade successful: ETH -> LINK, gas: $13.46
2025-10-01 01:51:29,625 - rebalance_engine - INFO - Rebalance execution completed: 5/5 successful trades
2025-10-01 01:51:29,626 - __main__ - INFO - Rebalancing completed successfully
2025-10-01 01:51:30,343 - mongo_client - INFO - Connected to MongoDB database 'loki_agents'
2025-10-01 01:51:32,124 - __main__ - INFO - Telegram notification sent
2025-10-01 01:51:33,625 - __main__ - INFO - Discord notification sent
2025-10-01 01:51:37,423 - __main__ - INFO - Email notification sent
2025-10-01 01:51:37,459 - mongo_client - INFO - MongoDB connection closed
2025-10-01 01:51:37,460 - portfolio_analyzer - INFO - Portfolio analyzer session closed
2025-10-01 01:51:37,461 - rebalance_engine - INFO - Rebalance engine cleanup completed
2025-10-01 01:51:37,461 - __main__ - INFO - Cleanup completed
